2025-10-02 05:17:26 [restartedMain] INFO  com.seccreto.service.auth.Main - Starting Main using Java 21.0.8 with PID 45676 (/Users/tiuka/www/pasta sem título/build/classes/java/main started by tiuka in /Users/tiuka/www/pasta sem título)
2025-10-02 05:17:26 [restartedMain] INFO  com.seccreto.service.auth.Main - The following 1 profile is active: "dev"
2025-10-02 05:17:26 [restartedMain] INFO  o.s.b.d.e.DevToolsPropertyDefaultsPostProcessor - Devtools property defaults active! Set 'spring.devtools.add-properties' to 'false' to disable
2025-10-02 05:17:26 [restartedMain] INFO  o.s.b.d.e.DevToolsPropertyDefaultsPostProcessor - For additional web related logging consider setting the 'logging.level.web' property to 'DEBUG'
2025-10-02 05:17:27 [restartedMain] WARN  io.undertow.websockets.jsr - UT026010: Buffer pool was not set on WebSocketDeploymentInfo, the default pool will be used
2025-10-02 05:17:27 [restartedMain] INFO  o.s.b.w.s.c.ServletWebServerApplicationContext - Root WebApplicationContext: initialization completed in 620 ms
2025-10-02 05:17:27 [restartedMain] INFO  com.zaxxer.hikari.HikariDataSource - HikariPool-1 - Starting...
2025-10-02 05:17:27 [restartedMain] INFO  com.zaxxer.hikari.pool.HikariPool - HikariPool-1 - Added connection org.postgresql.jdbc.PgConnection@1e16c642
2025-10-02 05:17:27 [restartedMain] INFO  com.zaxxer.hikari.HikariDataSource - HikariPool-1 - Start completed.
2025-10-02 05:17:27 [restartedMain] INFO  o.f.c.i.license.VersionPrinter - Flyway Community Edition 9.22.3 by Redgate
2025-10-02 05:17:27 [restartedMain] INFO  o.f.c.i.license.VersionPrinter - See release notes here: https://rd.gt/416ObMi
2025-10-02 05:17:27 [restartedMain] INFO  o.f.c.i.license.VersionPrinter - 
2025-10-02 05:17:27 [restartedMain] INFO  org.flywaydb.core.FlywayExecutor - Database: jdbc:postgresql://localhost:5432/usersdb (PostgreSQL 15.14)
2025-10-02 05:17:27 [restartedMain] INFO  o.f.core.internal.command.DbValidate - Successfully validated 10 migrations (execution time 00:00.015s)
2025-10-02 05:17:27 [restartedMain] INFO  o.f.core.internal.command.DbMigrate - Current version of schema "public": 10
2025-10-02 05:17:27 [restartedMain] INFO  o.f.core.internal.command.DbMigrate - Schema "public" is up to date. No migration necessary.
2025-10-02 05:17:28 [restartedMain] INFO  o.s.b.d.a.OptionalLiveReloadServer - LiveReload server is running on port 35729
2025-10-02 05:17:28 [restartedMain] INFO  o.s.b.a.e.web.EndpointLinksResolver - Exposing 6 endpoint(s) beneath base path '/actuator'
2025-10-02 05:17:28 [restartedMain] INFO  org.xnio - XNIO version 3.8.8.Final
2025-10-02 05:17:28 [restartedMain] INFO  org.xnio.nio - XNIO NIO Implementation Version 3.8.8.Final
2025-10-02 05:17:28 [restartedMain] INFO  org.jboss.threads - JBoss Threads version 3.5.0.Final
2025-10-02 05:17:28 [restartedMain] INFO  o.s.b.w.e.undertow.UndertowWebServer - Undertow started on port 8080 (http)
2025-10-02 05:17:28 [restartedMain] INFO  com.seccreto.service.auth.Main - Started Main in 1.716 seconds (process running for 1.85)
2025-10-02 05:17:36 [XNIO-1 task-2] INFO  o.s.web.servlet.DispatcherServlet - Initializing Servlet 'dispatcherServlet'
2025-10-02 05:17:36 [XNIO-1 task-2] INFO  o.s.web.servlet.DispatcherServlet - Completed initialization in 4 ms
2025-10-02 05:17:37 [XNIO-1 task-2] INFO  o.s.api.AbstractOpenApiResource - Init duration for springdoc-openapi is: 320 ms
2025-10-02 05:24:03 [File Watcher] INFO  o.s.b.d.a.LocalDevToolsAutoConfiguration$RestartingClassPathChangeChangedEventListener - Restarting due to 23 class path changes (0 additions, 23 deletions, 0 modifications)
2025-10-02 05:24:03 [Thread-5] INFO  com.zaxxer.hikari.HikariDataSource - HikariPool-1 - Shutdown initiated...
2025-10-02 05:24:03 [Thread-5] INFO  com.zaxxer.hikari.HikariDataSource - HikariPool-1 - Shutdown completed.
2025-10-02 05:24:03 [restartedMain] INFO  com.seccreto.service.auth.Main - Starting Main using Java 21.0.8 with PID 45676 (/Users/tiuka/www/pasta sem título/build/classes/java/main started by tiuka in /Users/tiuka/www/pasta sem título)
2025-10-02 05:24:03 [restartedMain] INFO  com.seccreto.service.auth.Main - The following 1 profile is active: "dev"
2025-10-02 05:24:03 [restartedMain] WARN  io.undertow.websockets.jsr - UT026010: Buffer pool was not set on WebSocketDeploymentInfo, the default pool will be used
2025-10-02 05:24:03 [restartedMain] INFO  o.s.b.w.s.c.ServletWebServerApplicationContext - Root WebApplicationContext: initialization completed in 302 ms
2025-10-02 05:24:03 [restartedMain] INFO  com.zaxxer.hikari.HikariDataSource - HikariPool-2 - Starting...
2025-10-02 05:24:03 [restartedMain] INFO  com.zaxxer.hikari.pool.HikariPool - HikariPool-2 - Added connection org.postgresql.jdbc.PgConnection@da0c2c3
2025-10-02 05:24:03 [restartedMain] INFO  com.zaxxer.hikari.HikariDataSource - HikariPool-2 - Start completed.
2025-10-02 05:24:03 [restartedMain] INFO  org.flywaydb.core.FlywayExecutor - Database: jdbc:postgresql://localhost:5432/usersdb (PostgreSQL 15.14)
2025-10-02 05:24:04 [restartedMain] INFO  o.f.core.internal.command.DbValidate - Successfully validated 10 migrations (execution time 00:00.010s)
2025-10-02 05:24:04 [restartedMain] INFO  o.f.core.internal.command.DbMigrate - Current version of schema "public": 10
2025-10-02 05:24:04 [restartedMain] INFO  o.f.core.internal.command.DbMigrate - Schema "public" is up to date. No migration necessary.
2025-10-02 05:24:04 [restartedMain] INFO  o.s.b.d.a.OptionalLiveReloadServer - LiveReload server is running on port 35729
2025-10-02 05:24:04 [restartedMain] INFO  o.s.b.a.e.web.EndpointLinksResolver - Exposing 6 endpoint(s) beneath base path '/actuator'
2025-10-02 05:24:04 [restartedMain] INFO  o.s.b.w.e.undertow.UndertowWebServer - Undertow started on port 8080 (http)
2025-10-02 05:24:04 [restartedMain] INFO  com.seccreto.service.auth.Main - Started Main in 1.028 seconds (process running for 398.033)
2025-10-02 05:24:04 [restartedMain] INFO  o.s.b.d.a.ConditionEvaluationDeltaLoggingListener - Condition evaluation unchanged
2025-10-02 05:24:05 [File Watcher] INFO  o.s.b.d.a.LocalDevToolsAutoConfiguration$RestartingClassPathChangeChangedEventListener - Restarting due to 23 class path changes (23 additions, 0 deletions, 0 modifications)
2025-10-02 05:24:05 [Thread-7] INFO  com.zaxxer.hikari.HikariDataSource - HikariPool-2 - Shutdown initiated...
2025-10-02 05:24:05 [Thread-7] INFO  com.zaxxer.hikari.HikariDataSource - HikariPool-2 - Shutdown completed.
2025-10-02 05:24:05 [restartedMain] INFO  com.seccreto.service.auth.Main - Starting Main using Java 21.0.8 with PID 45676 (/Users/tiuka/www/pasta sem título/build/classes/java/main started by tiuka in /Users/tiuka/www/pasta sem título)
2025-10-02 05:24:05 [restartedMain] INFO  com.seccreto.service.auth.Main - The following 1 profile is active: "dev"
2025-10-02 05:24:06 [restartedMain] WARN  io.undertow.websockets.jsr - UT026010: Buffer pool was not set on WebSocketDeploymentInfo, the default pool will be used
2025-10-02 05:24:06 [restartedMain] INFO  o.s.b.w.s.c.ServletWebServerApplicationContext - Root WebApplicationContext: initialization completed in 192 ms
2025-10-02 05:24:06 [restartedMain] INFO  com.zaxxer.hikari.HikariDataSource - HikariPool-3 - Starting...
2025-10-02 05:24:06 [restartedMain] INFO  com.zaxxer.hikari.pool.HikariPool - HikariPool-3 - Added connection org.postgresql.jdbc.PgConnection@7a771d31
2025-10-02 05:24:06 [restartedMain] INFO  com.zaxxer.hikari.HikariDataSource - HikariPool-3 - Start completed.
2025-10-02 05:24:06 [restartedMain] INFO  org.flywaydb.core.FlywayExecutor - Database: jdbc:postgresql://localhost:5432/usersdb (PostgreSQL 15.14)
2025-10-02 05:24:06 [restartedMain] INFO  o.f.core.internal.command.DbValidate - Successfully validated 10 migrations (execution time 00:00.007s)
2025-10-02 05:24:06 [restartedMain] INFO  o.f.core.internal.command.DbMigrate - Current version of schema "public": 10
2025-10-02 05:24:06 [restartedMain] INFO  o.f.core.internal.command.DbMigrate - Schema "public" is up to date. No migration necessary.
2025-10-02 05:24:06 [restartedMain] INFO  o.s.b.d.a.OptionalLiveReloadServer - LiveReload server is running on port 35729
2025-10-02 05:24:06 [restartedMain] INFO  o.s.b.a.e.web.EndpointLinksResolver - Exposing 6 endpoint(s) beneath base path '/actuator'
2025-10-02 05:24:06 [restartedMain] INFO  o.s.b.w.e.undertow.UndertowWebServer - Undertow started on port 8080 (http)
2025-10-02 05:24:06 [restartedMain] INFO  com.seccreto.service.auth.Main - Started Main in 0.76 seconds (process running for 400.234)
2025-10-02 05:24:06 [restartedMain] INFO  o.s.b.d.a.ConditionEvaluationDeltaLoggingListener - Condition evaluation unchanged
2025-10-02 05:24:32 [File Watcher] INFO  o.s.b.d.a.LocalDevToolsAutoConfiguration$RestartingClassPathChangeChangedEventListener - Restarting due to 39 class path changes (16 additions, 13 deletions, 10 modifications)
2025-10-02 05:24:32 [Thread-11] INFO  com.zaxxer.hikari.HikariDataSource - HikariPool-3 - Shutdown initiated...
2025-10-02 05:24:32 [Thread-11] INFO  com.zaxxer.hikari.HikariDataSource - HikariPool-3 - Shutdown completed.
2025-10-02 05:24:32 [restartedMain] INFO  com.seccreto.service.auth.Main - Starting Main using Java 21.0.8 with PID 45676 (/Users/tiuka/www/pasta sem título/build/classes/java/main started by tiuka in /Users/tiuka/www/pasta sem título)
2025-10-02 05:24:32 [restartedMain] INFO  com.seccreto.service.auth.Main - The following 1 profile is active: "dev"
2025-10-02 05:24:33 [restartedMain] WARN  io.undertow.websockets.jsr - UT026010: Buffer pool was not set on WebSocketDeploymentInfo, the default pool will be used
2025-10-02 05:24:33 [restartedMain] INFO  o.s.b.w.s.c.ServletWebServerApplicationContext - Root WebApplicationContext: initialization completed in 192 ms
2025-10-02 05:24:33 [restartedMain] INFO  com.zaxxer.hikari.HikariDataSource - HikariPool-4 - Starting...
2025-10-02 05:24:33 [restartedMain] INFO  com.zaxxer.hikari.pool.HikariPool - HikariPool-4 - Added connection org.postgresql.jdbc.PgConnection@78886de9
2025-10-02 05:24:33 [restartedMain] INFO  com.zaxxer.hikari.HikariDataSource - HikariPool-4 - Start completed.
2025-10-02 05:24:33 [restartedMain] INFO  org.flywaydb.core.FlywayExecutor - Database: jdbc:postgresql://localhost:5432/usersdb (PostgreSQL 15.14)
2025-10-02 05:24:33 [restartedMain] INFO  o.f.core.internal.command.DbValidate - Successfully validated 10 migrations (execution time 00:00.007s)
2025-10-02 05:24:33 [restartedMain] INFO  o.f.core.internal.command.DbMigrate - Current version of schema "public": 10
2025-10-02 05:24:33 [restartedMain] INFO  o.f.core.internal.command.DbMigrate - Schema "public" is up to date. No migration necessary.
2025-10-02 05:24:33 [restartedMain] INFO  o.s.b.d.a.OptionalLiveReloadServer - LiveReload server is running on port 35729
2025-10-02 05:24:33 [restartedMain] INFO  o.s.b.a.e.web.EndpointLinksResolver - Exposing 6 endpoint(s) beneath base path '/actuator'
2025-10-02 05:24:33 [restartedMain] INFO  o.s.b.w.e.undertow.UndertowWebServer - Undertow started on port 8080 (http)
2025-10-02 05:24:33 [restartedMain] INFO  com.seccreto.service.auth.Main - Started Main in 0.82 seconds (process running for 427.277)
2025-10-02 05:24:33 [restartedMain] INFO  o.s.b.d.a.ConditionEvaluationDeltaLoggingListener - Condition evaluation unchanged
2025-10-02 05:25:20 [SpringApplicationShutdownHook] INFO  com.zaxxer.hikari.HikariDataSource - HikariPool-4 - Shutdown initiated...
2025-10-02 05:25:20 [SpringApplicationShutdownHook] INFO  com.zaxxer.hikari.HikariDataSource - HikariPool-4 - Shutdown completed.
2025-10-02 05:25:22 [restartedMain] INFO  com.seccreto.service.auth.Main - Starting Main using Java 21.0.8 with PID 47863 (/Users/tiuka/www/pasta sem título/build/classes/java/main started by tiuka in /Users/tiuka/www/pasta sem título)
2025-10-02 05:25:22 [restartedMain] INFO  com.seccreto.service.auth.Main - The following 1 profile is active: "dev"
2025-10-02 05:25:22 [restartedMain] INFO  o.s.b.d.e.DevToolsPropertyDefaultsPostProcessor - Devtools property defaults active! Set 'spring.devtools.add-properties' to 'false' to disable
2025-10-02 05:25:22 [restartedMain] INFO  o.s.b.d.e.DevToolsPropertyDefaultsPostProcessor - For additional web related logging consider setting the 'logging.level.web' property to 'DEBUG'
2025-10-02 05:25:22 [restartedMain] WARN  io.undertow.websockets.jsr - UT026010: Buffer pool was not set on WebSocketDeploymentInfo, the default pool will be used
2025-10-02 05:25:22 [restartedMain] INFO  o.s.b.w.s.c.ServletWebServerApplicationContext - Root WebApplicationContext: initialization completed in 669 ms
2025-10-02 05:25:23 [restartedMain] INFO  com.zaxxer.hikari.HikariDataSource - HikariPool-1 - Starting...
2025-10-02 05:25:23 [restartedMain] INFO  com.zaxxer.hikari.pool.HikariPool - HikariPool-1 - Added connection org.postgresql.jdbc.PgConnection@2196aefd
2025-10-02 05:25:23 [restartedMain] INFO  com.zaxxer.hikari.HikariDataSource - HikariPool-1 - Start completed.
2025-10-02 05:25:23 [restartedMain] INFO  o.f.c.i.license.VersionPrinter - Flyway Community Edition 9.22.3 by Redgate
2025-10-02 05:25:23 [restartedMain] INFO  o.f.c.i.license.VersionPrinter - See release notes here: https://rd.gt/416ObMi
2025-10-02 05:25:23 [restartedMain] INFO  o.f.c.i.license.VersionPrinter - 
2025-10-02 05:25:23 [restartedMain] INFO  org.flywaydb.core.FlywayExecutor - Database: jdbc:postgresql://localhost:5432/usersdb (PostgreSQL 15.14)
2025-10-02 05:25:23 [restartedMain] INFO  o.f.core.internal.command.DbValidate - Successfully validated 10 migrations (execution time 00:00.013s)
2025-10-02 05:25:23 [restartedMain] INFO  o.f.core.internal.command.DbMigrate - Current version of schema "public": 10
2025-10-02 05:25:23 [restartedMain] INFO  o.f.core.internal.command.DbMigrate - Schema "public" is up to date. No migration necessary.
2025-10-02 05:25:23 [restartedMain] INFO  o.s.b.d.a.OptionalLiveReloadServer - LiveReload server is running on port 35729
2025-10-02 05:25:23 [restartedMain] INFO  o.s.b.a.e.web.EndpointLinksResolver - Exposing 6 endpoint(s) beneath base path '/actuator'
2025-10-02 05:25:23 [restartedMain] INFO  org.xnio - XNIO version 3.8.8.Final
2025-10-02 05:25:23 [restartedMain] INFO  org.xnio.nio - XNIO NIO Implementation Version 3.8.8.Final
2025-10-02 05:25:23 [restartedMain] INFO  org.jboss.threads - JBoss Threads version 3.5.0.Final
2025-10-02 05:25:23 [restartedMain] INFO  o.s.b.w.e.undertow.UndertowWebServer - Undertow started on port 8080 (http)
2025-10-02 05:25:23 [restartedMain] INFO  com.seccreto.service.auth.Main - Started Main in 1.956 seconds (process running for 2.14)
2025-10-02 05:25:33 [XNIO-1 task-2] INFO  o.s.web.servlet.DispatcherServlet - Initializing Servlet 'dispatcherServlet'
2025-10-02 05:25:33 [XNIO-1 task-2] INFO  o.s.web.servlet.DispatcherServlet - Completed initialization in 1 ms
2025-10-02 05:25:34 [XNIO-1 task-2] INFO  o.s.api.AbstractOpenApiResource - Init duration for springdoc-openapi is: 323 ms
2025-10-02 05:26:00 [XNIO-1 task-2] DEBUG o.s.jdbc.core.JdbcTemplate - Executing prepared SQL query
2025-10-02 05:26:00 [XNIO-1 task-2] DEBUG o.s.jdbc.core.JdbcTemplate - Executing prepared SQL statement [SELECT * FROM users WHERE LOWER(email) = LOWER(?)]
2025-10-02 05:26:00 [XNIO-1 task-2] DEBUG o.s.jdbc.core.JdbcTemplate - Executing prepared SQL query
2025-10-02 05:26:00 [XNIO-1 task-2] DEBUG o.s.jdbc.core.JdbcTemplate - Executing prepared SQL statement [INSERT INTO users (name, email, password_hash, is_active, email_verification_token, email_verified_at, created_at, updated_at)
VALUES (?, ?, ?, ?, ?, ?, ?, ?)
RETURNING id
]
2025-10-02 05:26:00 [XNIO-1 task-2] WARN  o.s.w.s.m.m.a.ExceptionHandlerExceptionResolver - Resolved [java.lang.RuntimeException: Erro ao salvar usuário: PreparedStatementCallback; SQL [INSERT INTO users (name, email, password_hash, is_active, email_verification_token, email_verified_at, created_at, updated_at)<EOL>VALUES (?, ?, ?, ?, ?, ?, ?, ?)<EOL>RETURNING id<EOL>]; ERROR: new row for relation "users" violates check constraint "chk_users_password_hash_length"<EOL>  Detalhe: Failing row contains (091f29a1-1d50-49b5-b59a-57d241da430a, João Silva, joao@email.com, password, f, null, null, 2025-10-02 08:26:00.650487-03, 2025-10-02 08:26:00.650487-03).]
2025-10-02 05:28:03 [SpringApplicationShutdownHook] INFO  com.zaxxer.hikari.HikariDataSource - HikariPool-1 - Shutdown initiated...
2025-10-02 05:28:03 [SpringApplicationShutdownHook] INFO  com.zaxxer.hikari.HikariDataSource - HikariPool-1 - Shutdown completed.
